
[12:57:53.835] {"Running version":"3.5.9"}

[12:57:54.728] Connecting to HCTrialOrg using SFDX CLI...
[12:58:18.443] Successfully connected to HCTrialOrg.
[12:58:18.452] {"SOURCE":"HCTrialOrg.","TARGET":"csvfile.","Package script":"/Users/jrattanpal/workspace/Health-Cloud-Sfdx-Template/data/sfdmu/export.json."}

[12:58:18.457] GETTING AND ANALYSING OBJECTS METADATA...
[12:58:18.458] Processing the sObject Contact...
[12:58:18.459] Getting metadata for Contact (SOURCE)
[12:58:19.64] Processing the sObject Account...
[12:58:19.71] Getting metadata for Account (SOURCE)
[12:58:19.864] Processing the sObject AccountContactRelation...
[12:58:19.865] Getting metadata for AccountContactRelation (SOURCE)
[12:58:20.133] Processing the sObject Case...
[12:58:20.134] Getting metadata for Case (SOURCE)
[12:58:20.592] Processing the sObject HealthCloudGA__UsePersonAccount__c...
[12:58:20.593] Getting metadata for HealthCloudGA__UsePersonAccount__c (SOURCE)
[12:58:20.858] Processing the sObject HealthCloudGA__UsePersonAccount__c...
[12:58:20.864] Getting metadata for Organization (SOURCE)
[12:58:21.248] Processing the sObject Case...
[12:58:21.286] Getting metadata for RecordType (SOURCE)
[12:58:21.634] Processing the sObject AccountContactRelation...
[12:58:21.640] Processing the sObject Account...
[12:58:21.648] Getting metadata for Individual (SOURCE)
[12:58:21.949] Getting metadata for OperatingHours (SOURCE)
[12:58:22.212] Processing the sObject Contact...

[12:58:22.218] PREPARING DATA MIGRATION JOB...
[12:58:22.219] Building migration strategy...
[12:58:22.228] {"Order of objects to retrieve data":"RecordType; Case; Account; Contact; AccountContactRelation; HealthCloudGA__UsePersonAccount__c; OperatingHours; Individual; Organization"}
[12:58:22.229] {"Order of objects to update data":"RecordType; OperatingHours; Individual; Organization; Case; Account; Contact; AccountContactRelation; HealthCloudGA__UsePersonAccount__c"}
[12:58:22.231] Preparing has been finished.

[12:58:22.234] GETTING THE TOTAL AMOUNT OF RECORDS LIMITED BY THE OBJECT'S SOQL QUERY...
[12:58:22.430] {RecordType} Total amount of the SOURCE records: 18
[12:58:22.632] {OperatingHours} Total amount of the SOURCE records: 1
[12:58:22.822] {Individual} Total amount of the SOURCE records: 0
[12:58:23.24] {Organization} Total amount of the SOURCE records: 1
[12:58:23.214] {Case} Total amount of the SOURCE records: 15
[12:58:23.445] {Account} Total amount of the SOURCE records: 25
[12:58:23.599] {Contact} Total amount of the SOURCE records: 23
[12:58:23.772] {AccountContactRelation} Total amount of the SOURCE records: 28
[12:58:23.950] {HealthCloudGA__UsePersonAccount__c} Total amount of the SOURCE records: 1

[12:58:23.955] DELETING OLD DATA FROM THE TARGET...
[12:58:23.957] {HealthCloudGA__UsePersonAccount__c} Nothing to delete.
[12:58:23.958] {AccountContactRelation} Nothing to delete.
[12:58:23.960] {Contact} Nothing to delete.
[12:58:23.961] {Account} Nothing to delete.
[12:58:23.963] {Case} Nothing to delete.
[12:58:23.964] {Organization} Nothing to delete.
[12:58:23.965] {Individual} Nothing to delete.
[12:58:23.966] {OperatingHours} Nothing to delete.
[12:58:23.969] {RecordType} Nothing to delete.
[12:58:23.969] Deleting old data from the Target was skipped.
[12:58:23.971] Ready to process the data.

[12:58:23.974] RETRIEVING THE DATA STEP 1...
[12:58:23.976] {RecordType} Retrieving the SOURCE data from Org (STEP 1: all records)...
[12:58:23.977] {RecordType} Query string: SELECT Id, DeveloperName, SobjectType  FROM  RecordType WHERE (SobjectType IN ('Contact', 'Account', 'Case')) ORDER BY SobjectType ASC.
[12:58:24.293] {RecordType} Retrieving the SOURCE data has been completed. Fetched 18 new records.
[12:58:24.295] {Case} Retrieving the SOURCE data from Org (STEP 1: all records)...
[12:58:24.296] {Case} Query string: SELECT Id, RecordTypeId, Subject, ContactId, AccountId, ParentId, SuppliedName, SuppliedEmail, SuppliedPhone, SuppliedCompany, Type, Status, Reason, Origin, Priority, Description, IsEscalated, Comments, HealthCloudGA__DueDate__c, HealthCloudGA__Finan... FROM  Case.
[12:58:24.554] {Case} Retrieving the SOURCE data has been completed. Fetched 15 new records.
[12:58:24.558] {Account} Retrieving the SOURCE data from Org (STEP 1: all records)...
[12:58:24.559] {Account} Query string: SELECT Id, RecordTypeId, Name, IsPersonAccount, LastName, FirstName, Salutation, Type, ParentId, BillingStreet, BillingCity, BillingState, BillingPostalCode, BillingCountry, BillingLatitude, BillingLongitude, BillingGeocodeAccuracy, ShippingStreet, S... FROM  Account.
[12:58:25.540] {Account} Retrieving the SOURCE data has been completed. Fetched 25 new records.
[12:58:25.542] {Contact} Retrieving the SOURCE data from Org (STEP 1: all records)...
[12:58:25.543] {Contact} Query string: SELECT Id, RecordTypeId, Name, IsPersonAccount, AccountId, LastName, FirstName, Salutation, OtherStreet, OtherCity, OtherState, OtherPostalCode, OtherCountry, OtherLatitude, OtherLongitude, OtherGeocodeAccuracy, MailingStreet, MailingCity, MailingSta... FROM  Contact.
[12:58:25.839] {Contact} Retrieving the SOURCE data has been completed. Fetched 23 new records.
[12:58:25.840] {AccountContactRelation} Retrieving the SOURCE data from Org (STEP 1: all records)...
[12:58:25.841] {AccountContactRelation} Query string: SELECT Id, $$AccountId$ContactId, AccountId, ContactId, Roles, IsDirect, IsActive, StartDate, EndDate, IsDeleted, CreatedDate, LastModifiedDate, SystemModstamp, HealthCloudGA__Primary__c, HealthCloudGA__Rollups__c, HealthCloudGA__PrimaryGroup__c, Acc... FROM  AccountContactRelation.
[12:58:26.164] {AccountContactRelation} Retrieving the SOURCE data has been completed. Fetched 28 new records.
[12:58:26.167] {HealthCloudGA__UsePersonAccount__c} Retrieving the SOURCE data from Org (STEP 1: all records)...
[12:58:26.168] {HealthCloudGA__UsePersonAccount__c} Query string: SELECT Id, Name, IsDeleted, SetupOwnerId, CreatedDate, LastModifiedDate, SystemModstamp, HealthCloudGA__Enable__c, SetupOwner.Name  FROM  HealthCloudGA__UsePersonAccount__c.
[12:58:26.358] {HealthCloudGA__UsePersonAccount__c} Retrieving the SOURCE data has been completed. Fetched 1 new records.
[12:58:26.361] Retrieving the data STEP 1 has been completed.

[12:58:26.364] RETRIEVING THE DATA STEP 2...
[12:58:26.366] PASS 1
[12:58:26.368] =============
[12:58:26.369] No records

[12:58:26.372] PASS 2
[12:58:26.373] =============
[12:58:26.374] No records

[12:58:26.376] PASS 3
[12:58:26.377] =============
[12:58:26.381] {Organization} Retrieving the SOURCE data from Org (STEP 1: filtered records)...
[12:58:26.382] {Organization} Query string: SELECT Id, Name  FROM  Organization WHERE Id IN ('00D3t000001Ji5JEAS').
[12:58:26.573] {Organization} Retrieving the SOURCE data has been completed. Fetched 1 new records.

[12:58:26.577] PASS 4
[12:58:26.579] =============
[12:58:26.581] No records

[12:58:26.584] TARGET
[12:58:26.585] =============
[12:58:26.586] No records
[12:58:26.587] Retrieving the data STEP 2 has been completed.

[12:58:26.589] DATA RETRIEVING SUMMARY
[12:58:26.590] {RecordType} Total retrieved within all steps (source/target): 18/0 records.
[12:58:26.592] {Case} Total retrieved within all steps (source/target): 15/0 records.
[12:58:26.593] {Account} Total retrieved within all steps (source/target): 25/0 records.
[12:58:26.594] {Contact} Total retrieved within all steps (source/target): 23/0 records.
[12:58:26.595] {AccountContactRelation} Total retrieved within all steps (source/target): 28/0 records.
[12:58:26.596] {HealthCloudGA__UsePersonAccount__c} Total retrieved within all steps (source/target): 1/0 records.
[12:58:26.597] {OperatingHours} Total retrieved within all steps (source/target): 0/0 records.
[12:58:26.598] {Individual} Total retrieved within all steps (source/target): 0/0 records.
[12:58:26.599] {Organization} Total retrieved within all steps (source/target): 1/0 records.

[12:58:26.602] UPDATING THE TARGET STEP 1...
[12:58:26.604] {RecordType} Writing to the file /Users/jrattanpal/workspace/Health-Cloud-Sfdx-Template/data/sfdmu/RecordType.csv.
[12:58:26.619] {RecordType} Updating the Target has been completed. Processed 18 records.
[12:58:26.621] {OperatingHours} Writing to the file /Users/jrattanpal/workspace/Health-Cloud-Sfdx-Template/data/sfdmu/OperatingHours.csv.
[12:58:26.623] {Individual} Writing to the file /Users/jrattanpal/workspace/Health-Cloud-Sfdx-Template/data/sfdmu/Individual.csv.
[12:58:26.627] {Organization} Writing to the file /Users/jrattanpal/workspace/Health-Cloud-Sfdx-Template/data/sfdmu/Organization.csv.
[12:58:26.636] {Organization} Updating the Target has been completed. Processed 1 records.
[12:58:26.637] {Case} Writing to the file /Users/jrattanpal/workspace/Health-Cloud-Sfdx-Template/data/sfdmu/Case.csv.
[12:58:26.648] {Case} Updating the Target has been completed. Processed 15 records.
[12:58:26.649] {Account} Writing to the file /Users/jrattanpal/workspace/Health-Cloud-Sfdx-Template/data/sfdmu/Account.csv.
[12:58:26.657] {Account} Updating the Target has been completed. Processed 25 records.
[12:58:26.659] {Contact} Writing to the file /Users/jrattanpal/workspace/Health-Cloud-Sfdx-Template/data/sfdmu/Contact.csv.
[12:58:26.664] {Contact} Updating the Target has been completed. Processed 23 records.
[12:58:26.665] {AccountContactRelation} Writing to the file /Users/jrattanpal/workspace/Health-Cloud-Sfdx-Template/data/sfdmu/AccountContactRelation.csv.
[12:58:26.673] {AccountContactRelation} Updating the Target has been completed. Processed 28 records.
[12:58:26.674] {HealthCloudGA__UsePersonAccount__c} Writing to the file /Users/jrattanpal/workspace/Health-Cloud-Sfdx-Template/data/sfdmu/HealthCloudGA__UsePersonAccount__c.csv.
[12:58:26.677] {HealthCloudGA__UsePersonAccount__c} Updating the Target has been completed. Processed 1 records.
[12:58:26.678] Updating the Target (STEP 1) has been completed. Total processed 111 records.

[12:58:26.681] UPDATING THE TARGET STEP 2...
[12:58:26.682] Nothing was updated

[12:58:26.684] DATA PROCESSING SUMMARY
[12:58:26.685] {RecordType} Total processed within all steps (Insert + Update): 18 records
[12:58:26.686] {Case} Total processed within all steps (Insert + Update): 15 records
[12:58:26.687] {Account} Total processed within all steps (Insert + Update): 25 records
[12:58:26.688] {Contact} Total processed within all steps (Insert + Update): 23 records
[12:58:26.689] {AccountContactRelation} Total processed within all steps (Insert + Update): 28 records
[12:58:26.690] {HealthCloudGA__UsePersonAccount__c} Total processed within all steps (Insert + Update): 1 records
[12:58:26.691] {OperatingHours} Total processed within all steps (Insert + Update): 0 records
[12:58:26.692] {Individual} Total processed within all steps (Insert + Update): 0 records
[12:58:26.693] {Organization} Total processed within all steps (Insert + Update): 1 records

[12:58:26.696] Writing to /Users/jrattanpal/workspace/Health-Cloud-Sfdx-Template/data/sfdmu/MissingParentRecordsReport.csv...

[12:58:26.702] Command succeeded.
[12:58:26.703] Execution of the command sfdmu:run has been finished. Exit code 0 (SUCCESS).
[12:58:26.704] Total time elapsed: 00h 00m 32s 890ms .