
[13:58:40.432] {"Running version":"3.5.9"}

[13:58:41.30] Connecting to HCTrialOrg using SFDX CLI...
[13:59:18.359] Successfully connected to HCTrialOrg.
[13:59:18.369] {"SOURCE":"HCTrialOrg.","TARGET":"csvfile.","Package script":"/Users/jrattanpal/workspace/Health-Cloud-Sfdx-Template/data/sfdmu/export.json."}

[13:59:18.372] GETTING AND ANALYSING OBJECTS METADATA...
[13:59:18.377] Processing the sObject Contact...
[13:59:18.379] Getting metadata for Contact (SOURCE)
[13:59:19.194] Processing the sObject Account...
[13:59:19.196] Getting metadata for Account (SOURCE)
[13:59:20.164] Processing the sObject AccountContactRelation...
[13:59:20.165] Getting metadata for AccountContactRelation (SOURCE)
[13:59:20.946] Processing the sObject Case...
[13:59:20.947] Getting metadata for Case (SOURCE)
[13:59:21.462] Processing the sObject HealthCloudGA__UsePersonAccount__c...
[13:59:21.463] Getting metadata for HealthCloudGA__UsePersonAccount__c (SOURCE)
[13:59:21.804] Processing the sObject HealthCloudGA__UsePersonAccount__c...
[13:59:21.809] Getting metadata for Organization (SOURCE)
[13:59:22.287] Processing the sObject Case...
[13:59:22.318] Getting metadata for RecordType (SOURCE)
[13:59:22.649] Processing the sObject AccountContactRelation...
[13:59:22.656] Processing the sObject Account...
[13:59:22.664] Getting metadata for Individual (SOURCE)
[13:59:22.889] Getting metadata for OperatingHours (SOURCE)
[13:59:23.99] Processing the sObject Contact...

[13:59:23.113] PREPARING DATA MIGRATION JOB...
[13:59:23.114] Building migration strategy...
[13:59:23.124] {"Order of objects to retrieve data":"RecordType; Case; Account; Contact; AccountContactRelation; HealthCloudGA__UsePersonAccount__c; OperatingHours; Individual; Organization"}
[13:59:23.125] {"Order of objects to update data":"RecordType; OperatingHours; Individual; Organization; Case; Account; Contact; AccountContactRelation; HealthCloudGA__UsePersonAccount__c"}
[13:59:23.127] Preparing has been finished.

[13:59:23.130] GETTING THE TOTAL AMOUNT OF RECORDS LIMITED BY THE OBJECT'S SOQL QUERY...
[13:59:23.508] {RecordType} Total amount of the SOURCE records: 18
[13:59:23.698] {OperatingHours} Total amount of the SOURCE records: 1
[13:59:23.886] {Individual} Total amount of the SOURCE records: 0
[13:59:24.98] {Organization} Total amount of the SOURCE records: 1
[13:59:24.258] {Case} Total amount of the SOURCE records: 15
[13:59:24.680] {Account} Total amount of the SOURCE records: 25
[13:59:25.22] {Contact} Total amount of the SOURCE records: 23
[13:59:25.234] {AccountContactRelation} Total amount of the SOURCE records: 28
[13:59:25.416] {HealthCloudGA__UsePersonAccount__c} Total amount of the SOURCE records: 1

[13:59:25.419] DELETING OLD DATA FROM THE TARGET...
[13:59:25.420] {HealthCloudGA__UsePersonAccount__c} Nothing to delete.
[13:59:25.421] {AccountContactRelation} Nothing to delete.
[13:59:25.422] {Contact} Nothing to delete.
[13:59:25.423] {Account} Nothing to delete.
[13:59:25.425] {Case} Nothing to delete.
[13:59:25.426] {Organization} Nothing to delete.
[13:59:25.427] {Individual} Nothing to delete.
[13:59:25.428] {OperatingHours} Nothing to delete.
[13:59:25.430] {RecordType} Nothing to delete.
[13:59:25.430] Deleting old data from the Target was skipped.
[13:59:25.432] Ready to process the data.

[13:59:25.435] RETRIEVING THE DATA STEP 1...
[13:59:25.437] {RecordType} Retrieving the SOURCE data from Org (STEP 1: all records)...
[13:59:25.438] {RecordType} Query string: SELECT Id, DeveloperName, SobjectType  FROM  RecordType WHERE (SobjectType IN ('Contact', 'Account', 'Case')) ORDER BY SobjectType ASC.
[13:59:25.728] {RecordType} Retrieving the SOURCE data has been completed. Fetched 18 new records.
[13:59:25.730] {Case} Retrieving the SOURCE data from Org (STEP 1: all records)...
[13:59:25.732] {Case} Query string: SELECT Id, RecordTypeId, Subject, ContactId, AccountId, ParentId, SuppliedName, SuppliedEmail, SuppliedPhone, SuppliedCompany, Type, Status, Reason, Origin, Priority, Description, IsEscalated, Comments, HealthCloudGA__DueDate__c, HealthCloudGA__Finan... FROM  Case.
[13:59:26.38] {Case} Retrieving the SOURCE data has been completed. Fetched 15 new records.
[13:59:26.42] {Account} Retrieving the SOURCE data from Org (STEP 1: all records)...
[13:59:26.44] {Account} Query string: SELECT Id, RecordTypeId, Name, IsPersonAccount, LastName, FirstName, Salutation, Type, ParentId, BillingStreet, BillingCity, BillingState, BillingPostalCode, BillingCountry, BillingLatitude, BillingLongitude, BillingGeocodeAccuracy, ShippingStreet, S... FROM  Account.
[13:59:26.439] {Account} Retrieving the SOURCE data has been completed. Fetched 25 new records.
[13:59:26.442] {Contact} Retrieving the SOURCE data from Org (STEP 1: all records)...
[13:59:26.442] {Contact} Query string: SELECT Id, RecordTypeId, Name, IsPersonAccount, AccountId, LastName, FirstName, Salutation, OtherStreet, OtherCity, OtherState, OtherPostalCode, OtherCountry, OtherLatitude, OtherLongitude, OtherGeocodeAccuracy, MailingStreet, MailingCity, MailingSta... FROM  Contact.
[13:59:26.744] {Contact} Retrieving the SOURCE data has been completed. Fetched 23 new records.
[13:59:26.745] {AccountContactRelation} Retrieving the SOURCE data from Org (STEP 1: all records)...
[13:59:26.746] {AccountContactRelation} Query string: SELECT Id, $$AccountId$ContactId, AccountId, ContactId, Roles, IsDirect, IsActive, StartDate, EndDate, IsDeleted, CreatedDate, LastModifiedDate, SystemModstamp, HealthCloudGA__Primary__c, HealthCloudGA__Rollups__c, HealthCloudGA__PrimaryGroup__c, Acc... FROM  AccountContactRelation.
[13:59:26.982] {AccountContactRelation} Retrieving the SOURCE data has been completed. Fetched 28 new records.
[13:59:26.984] {HealthCloudGA__UsePersonAccount__c} Retrieving the SOURCE data from Org (STEP 1: all records)...
[13:59:26.985] {HealthCloudGA__UsePersonAccount__c} Query string: SELECT Id, Name, IsDeleted, SetupOwnerId, CreatedDate, LastModifiedDate, SystemModstamp, HealthCloudGA__Enable__c, SetupOwner.Name  FROM  HealthCloudGA__UsePersonAccount__c.
[13:59:27.195] {HealthCloudGA__UsePersonAccount__c} Retrieving the SOURCE data has been completed. Fetched 1 new records.
[13:59:27.196] Retrieving the data STEP 1 has been completed.

[13:59:27.199] RETRIEVING THE DATA STEP 2...
[13:59:27.199] PASS 1
[13:59:27.200] =============
[13:59:27.201] No records

[13:59:27.203] PASS 2
[13:59:27.203] =============
[13:59:27.205] No records

[13:59:27.207] PASS 3
[13:59:27.207] =============
[13:59:27.210] {Organization} Retrieving the SOURCE data from Org (STEP 1: filtered records)...
[13:59:27.210] {Organization} Query string: SELECT Id, Name  FROM  Organization WHERE Id IN ('00D3t000001Ji5JEAS').
[13:59:27.484] {Organization} Retrieving the SOURCE data has been completed. Fetched 1 new records.

[13:59:27.486] PASS 4
[13:59:27.488] =============
[13:59:27.489] No records

[13:59:27.491] TARGET
[13:59:27.492] =============
[13:59:27.493] No records
[13:59:27.494] Retrieving the data STEP 2 has been completed.

[13:59:27.504] DATA RETRIEVING SUMMARY
[13:59:27.505] {RecordType} Total retrieved within all steps (source/target): 18/0 records.
[13:59:27.506] {Case} Total retrieved within all steps (source/target): 15/0 records.
[13:59:27.507] {Account} Total retrieved within all steps (source/target): 25/0 records.
[13:59:27.508] {Contact} Total retrieved within all steps (source/target): 23/0 records.
[13:59:27.509] {AccountContactRelation} Total retrieved within all steps (source/target): 28/0 records.
[13:59:27.511] {HealthCloudGA__UsePersonAccount__c} Total retrieved within all steps (source/target): 1/0 records.
[13:59:27.512] {OperatingHours} Total retrieved within all steps (source/target): 0/0 records.
[13:59:27.513] {Individual} Total retrieved within all steps (source/target): 0/0 records.
[13:59:27.518] {Organization} Total retrieved within all steps (source/target): 1/0 records.

[13:59:27.522] UPDATING THE TARGET STEP 1...
[13:59:27.524] {RecordType} Writing to the file /Users/jrattanpal/workspace/Health-Cloud-Sfdx-Template/data/sfdmu/RecordType.csv.
[13:59:27.536] {RecordType} Updating the Target has been completed. Processed 18 records.
[13:59:27.537] {OperatingHours} Writing to the file /Users/jrattanpal/workspace/Health-Cloud-Sfdx-Template/data/sfdmu/OperatingHours.csv.
[13:59:27.538] {Individual} Writing to the file /Users/jrattanpal/workspace/Health-Cloud-Sfdx-Template/data/sfdmu/Individual.csv.
[13:59:27.540] {Organization} Writing to the file /Users/jrattanpal/workspace/Health-Cloud-Sfdx-Template/data/sfdmu/Organization.csv.
[13:59:27.545] {Organization} Updating the Target has been completed. Processed 1 records.
[13:59:27.546] {Case} Writing to the file /Users/jrattanpal/workspace/Health-Cloud-Sfdx-Template/data/sfdmu/Case.csv.
[13:59:27.558] {Case} Updating the Target has been completed. Processed 15 records.
[13:59:27.559] {Account} Writing to the file /Users/jrattanpal/workspace/Health-Cloud-Sfdx-Template/data/sfdmu/Account.csv.
[13:59:27.571] {Account} Updating the Target has been completed. Processed 25 records.
[13:59:27.572] {Contact} Writing to the file /Users/jrattanpal/workspace/Health-Cloud-Sfdx-Template/data/sfdmu/Contact.csv.
[13:59:27.577] {Contact} Updating the Target has been completed. Processed 23 records.
[13:59:27.578] {AccountContactRelation} Writing to the file /Users/jrattanpal/workspace/Health-Cloud-Sfdx-Template/data/sfdmu/AccountContactRelation.csv.
[13:59:27.608] {AccountContactRelation} Updating the Target has been completed. Processed 28 records.
[13:59:27.610] {HealthCloudGA__UsePersonAccount__c} Writing to the file /Users/jrattanpal/workspace/Health-Cloud-Sfdx-Template/data/sfdmu/HealthCloudGA__UsePersonAccount__c.csv.
[13:59:27.619] {HealthCloudGA__UsePersonAccount__c} Updating the Target has been completed. Processed 1 records.
[13:59:27.620] Updating the Target (STEP 1) has been completed. Total processed 111 records.

[13:59:27.622] UPDATING THE TARGET STEP 2...
[13:59:27.623] Nothing was updated

[13:59:27.625] DATA PROCESSING SUMMARY
[13:59:27.626] {RecordType} Total processed within all steps (Insert + Update): 18 records
[13:59:27.627] {Case} Total processed within all steps (Insert + Update): 15 records
[13:59:27.628] {Account} Total processed within all steps (Insert + Update): 25 records
[13:59:27.629] {Contact} Total processed within all steps (Insert + Update): 23 records
[13:59:27.629] {AccountContactRelation} Total processed within all steps (Insert + Update): 28 records
[13:59:27.631] {HealthCloudGA__UsePersonAccount__c} Total processed within all steps (Insert + Update): 1 records
[13:59:27.633] {OperatingHours} Total processed within all steps (Insert + Update): 0 records
[13:59:27.635] {Individual} Total processed within all steps (Insert + Update): 0 records
[13:59:27.636] {Organization} Total processed within all steps (Insert + Update): 1 records

[13:59:27.637] Writing to /Users/jrattanpal/workspace/Health-Cloud-Sfdx-Template/data/sfdmu/MissingParentRecordsReport.csv...

[13:59:27.644] Command succeeded.
[13:59:27.645] Execution of the command sfdmu:run has been finished. Exit code 0 (SUCCESS).
[13:59:27.646] Total time elapsed: 00h 00m 47s 225ms .